<?xml version="1.0" encoding="UTF-8"?>
<!-- Generated by org.testng.reporters.JUnitReportReporter -->
<testsuite skipped="0" hostname="INQ69CAI5B4JG32" name="com.te.test.ImportCockpit_SmokeTest" tests="2" failures="0" timestamp="29 Apr 2019 13:43:21 GMT" time="57.472" errors="0">
  <testcase name="IC_Login" time="9.425" classname="com.te.test.ImportCockpit_SmokeTest"/>
  <testcase name="massSampleExport" time="48.047" classname="com.te.test.ImportCockpit_SmokeTest"/>
</testsuite> <!-- com.te.test.ImportCockpit_SmokeTest -->
