<?xml version="1.0" encoding="UTF-8"?>
<!-- Generated by org.testng.reporters.JUnitReportReporter -->
<testsuite skipped="0" hostname="DESKTOP-OEPF5B3" name="com.qa.bg.testScripts.Search" tests="1" failures="0" timestamp="22 Jul 2019 10:45:41 GMT" time="9.647" errors="0">
  <testcase name="SearchDestination" time="9.647" classname="com.qa.bg.testScripts.Search"/>
</testsuite> <!-- com.qa.bg.testScripts.Search -->
