<?xml version="1.0" encoding="UTF-8"?>
<!-- Generated by org.testng.reporters.JUnitReportReporter -->
<testsuite skipped="0" hostname="DESKTOP-OEPF5B3" name="com.qa.bg.testScripts.Search" tests="1" failures="0" timestamp="23 Jul 2019 11:31:53 GMT" time="9.315" errors="0">
  <testcase name="SearchDestination" time="9.315" classname="com.qa.bg.testScripts.Search"/>
</testsuite> <!-- com.qa.bg.testScripts.Search -->
