<?xml version="1.0" encoding="UTF-8"?>
<!-- Generated by org.testng.reporters.JUnitReportReporter -->
<testsuite skipped="0" hostname="INQ69CAI5B4JG32" name="com.te.test.ProductCockpit_SmokeTest" tests="8" failures="0" timestamp="29 Apr 2019 13:43:21 GMT" time="84.723" errors="0">
  <testcase name="PC_loginTest" time="13.962" classname="com.te.test.ProductCockpit_SmokeTest"/>
  <testcase name="PC_SearchTest" time="14.690" classname="com.te.test.ProductCockpit_SmokeTest"/>
  <testcase name="PC_ImageGroupTest" time="0.082" classname="com.te.test.ProductCockpit_SmokeTest"/>
  <testcase name="PC_CPRAttributeTest" time="0.458" classname="com.te.test.ProductCockpit_SmokeTest"/>
  <testcase name="PC_ComplianceAttrTest" time="0.060" classname="com.te.test.ProductCockpit_SmokeTest"/>
  <testcase name="PC_SamplesTest" time="0.031" classname="com.te.test.ProductCockpit_SmokeTest"/>
  <testcase name="PC_SamplesIndicatorVerifyPencilButtonTest" time="13.945" classname="com.te.test.ProductCockpit_SmokeTest"/>
  <testcase name="PC_AdvancedSearch" time="41.495" classname="com.te.test.ProductCockpit_SmokeTest"/>
</testsuite> <!-- com.te.test.ProductCockpit_SmokeTest -->
