<?xml version="1.0" encoding="UTF-8"?>
<!-- Generated by org.testng.reporters.JUnitReportReporter -->
<testsuite skipped="0" hostname="INQ69CAI5B4JG32" name="com.te.test.Hybris_SmokeTest" tests="21" failures="0" timestamp="29 Apr 2019 13:43:21 GMT" time="189.965" errors="0">
  <testcase name="HMC_login" time="7.241" classname="com.te.test.Hybris_SmokeTest"/>
  <testcase name="Search_TCPN" time="22.075" classname="com.te.test.Hybris_SmokeTest"/>
  <testcase name="Verify_TimeModifiedFieldTest" time="3.218" classname="com.te.test.Hybris_SmokeTest"/>
  <testcase name="Verify_ImagesTabTest" time="2.811" classname="com.te.test.Hybris_SmokeTest"/>
  <testcase name="Verify_LegacyStatusTest" time="2.694" classname="com.te.test.Hybris_SmokeTest"/>
  <testcase name="Verify_PromoteStatusTest" time="0.070" classname="com.te.test.Hybris_SmokeTest"/>
  <testcase name="Verify_ReleaseStatusTest" time="0.041" classname="com.te.test.Hybris_SmokeTest"/>
  <testcase name="Verify_UniversalComplianceAttributesTest" time="0.068" classname="com.te.test.Hybris_SmokeTest"/>
  <testcase name="Verify_LocalComplianceAttributesTest" time="70.626" classname="com.te.test.Hybris_SmokeTest"/>
  <testcase name="Verify_DMtechDocsTest" time="3.964" classname="com.te.test.Hybris_SmokeTest"/>
  <testcase name="Verify_CPRandSAPAttributes" time="2.872" classname="com.te.test.Hybris_SmokeTest"/>
  <testcase name="Verify_SamplesTabTest" time="2.691" classname="com.te.test.Hybris_SmokeTest"/>
  <testcase name="Verify_RestrictedPartsTest" time="12.525" classname="com.te.test.Hybris_SmokeTest"/>
  <testcase name="Verify_BlankSearchTest" time="0.002" classname="com.te.test.Hybris_SmokeTest"/>
  <testcase name="Verify_NavigationalAtrriOnCategoryLinkTest" time="27.255" classname="com.te.test.Hybris_SmokeTest"/>
  <testcase name="Verify_GlobalAtrriOnCategoryLinkTest" time="0.093" classname="com.te.test.Hybris_SmokeTest"/>
  <testcase name="Verify_FacetSchemaLinkTest" time="0.003" classname="com.te.test.Hybris_SmokeTest"/>
  <testcase name="Verify_FacetChangeLogTest" time="0.001" classname="com.te.test.Hybris_SmokeTest"/>
  <testcase name="Verify_BUandBU_ContactField" time="6.211" classname="com.te.test.Hybris_SmokeTest"/>
  <testcase name="Verify_CronJobs" time="18.630" classname="com.te.test.Hybris_SmokeTest"/>
  <testcase name="verify_CloseSession" time="6.874" classname="com.te.test.Hybris_SmokeTest"/>
</testsuite> <!-- com.te.test.Hybris_SmokeTest -->
