<?xml version="1.0" encoding="UTF-8"?>
<!-- Generated by org.testng.reporters.JUnitReportReporter -->
<testsuite skipped="0" hostname="INQ69CAI5B4JG32" name="com.te.test.Hybris_SmokeTest" tests="21" failures="0" timestamp="23 Apr 2019 14:24:31 GMT" time="218.966" errors="0">
  <testcase name="HMC_login" time="7.498" classname="com.te.test.Hybris_SmokeTest"/>
  <testcase name="Search_TCPN" time="24.917" classname="com.te.test.Hybris_SmokeTest"/>
  <testcase name="Verify_TimeModifiedFieldTest" time="3.626" classname="com.te.test.Hybris_SmokeTest"/>
  <testcase name="Verify_ImagesTabTest" time="2.864" classname="com.te.test.Hybris_SmokeTest"/>
  <testcase name="Verify_LegacyStatusTest" time="2.989" classname="com.te.test.Hybris_SmokeTest"/>
  <testcase name="Verify_PromoteStatusTest" time="0.051" classname="com.te.test.Hybris_SmokeTest"/>
  <testcase name="Verify_ReleaseStatusTest" time="0.056" classname="com.te.test.Hybris_SmokeTest"/>
  <testcase name="Verify_UniversalComplianceAttributesTest" time="0.120" classname="com.te.test.Hybris_SmokeTest"/>
  <testcase name="Verify_LocalComplianceAttributesTest" time="72.218" classname="com.te.test.Hybris_SmokeTest"/>
  <testcase name="Verify_DMtechDocsTest" time="4.363" classname="com.te.test.Hybris_SmokeTest"/>
  <testcase name="Verify_CPRandSAPAttributes" time="3.140" classname="com.te.test.Hybris_SmokeTest"/>
  <testcase name="Verify_SamplesTabTest" time="2.836" classname="com.te.test.Hybris_SmokeTest"/>
  <testcase name="Verify_RestrictedPartsTest" time="13.762" classname="com.te.test.Hybris_SmokeTest"/>
  <testcase name="Verify_BlankSearchTest" time="17.953" classname="com.te.test.Hybris_SmokeTest"/>
  <testcase name="Verify_NavigationalAtrriOnCategoryLinkTest" time="26.935" classname="com.te.test.Hybris_SmokeTest"/>
  <testcase name="Verify_GlobalAtrriOnCategoryLinkTest" time="0.142" classname="com.te.test.Hybris_SmokeTest"/>
  <testcase name="Verify_FacetSchemaLinkTest" time="0.000" classname="com.te.test.Hybris_SmokeTest"/>
  <testcase name="Verify_FacetChangeLogTest" time="0.001" classname="com.te.test.Hybris_SmokeTest"/>
  <testcase name="Verify_BUandBU_ContactField" time="6.819" classname="com.te.test.Hybris_SmokeTest"/>
  <testcase name="Verify_CronJobs" time="21.609" classname="com.te.test.Hybris_SmokeTest"/>
  <testcase name="verify_CloseSession" time="7.067" classname="com.te.test.Hybris_SmokeTest"/>
</testsuite> <!-- com.te.test.Hybris_SmokeTest -->
