<?xml version="1.0" encoding="UTF-8"?>
<!-- Generated by org.testng.reporters.JUnitReportReporter -->
<testsuite skipped="0" hostname="INQ69CAI5B4JG32" name="com.te.test.ProductCockpit_SmokeTest" tests="8" failures="0" timestamp="23 Apr 2019 14:24:31 GMT" time="105.456" errors="0">
  <testcase name="PC_loginTest" time="35.232" classname="com.te.test.ProductCockpit_SmokeTest"/>
  <testcase name="PC_SearchTest" time="19.077" classname="com.te.test.ProductCockpit_SmokeTest"/>
  <testcase name="PC_ImageGroupTest" time="0.108" classname="com.te.test.ProductCockpit_SmokeTest"/>
  <testcase name="PC_CPRAttributeTest" time="0.510" classname="com.te.test.ProductCockpit_SmokeTest"/>
  <testcase name="PC_ComplianceAttrTest" time="0.088" classname="com.te.test.ProductCockpit_SmokeTest"/>
  <testcase name="PC_SamplesTest" time="0.109" classname="com.te.test.ProductCockpit_SmokeTest"/>
  <testcase name="PC_SamplesIndicatorVerifyPencilButtonTest" time="14.069" classname="com.te.test.ProductCockpit_SmokeTest"/>
  <testcase name="PC_AdvancedSearch" time="36.263" classname="com.te.test.ProductCockpit_SmokeTest"/>
</testsuite> <!-- com.te.test.ProductCockpit_SmokeTest -->
