<?xml version="1.0" encoding="UTF-8"?>
<!-- Generated by org.testng.reporters.JUnitReportReporter -->
<testsuite skipped="0" hostname="INQ69CAI5B4JG32" name="com.te.test.ImportCockpit_SmokeTest" tests="2" failures="0" timestamp="23 Apr 2019 14:24:31 GMT" time="167.383" errors="0">
  <testcase name="IC_Login" time="51.566" classname="com.te.test.ImportCockpit_SmokeTest"/>
  <testcase name="massSampleExport" time="115.817" classname="com.te.test.ImportCockpit_SmokeTest"/>
</testsuite> <!-- com.te.test.ImportCockpit_SmokeTest -->
